crop/build/outputs/logs/manifest-merger-debug-report.txt
-- Merging decision tree log ---
manifest
ADDED from src/main/AndroidManifest.xml:1:1-14:12
INJECTED from src/main/AndroidManifest.xml:1:1-14:12
INJECTED from src/main/AndroidManifest.xml:1:1-14:12
	package
		ADDED from src/main/AndroidManifest.xml:1:11-48
		INJECTED from src/main/AndroidManifest.xml
		INJECTED from src/main/AndroidManifest.xml
	xmlns:android
		ADDED from src/main/AndroidManifest.xml:2:5-63
application
ADDED from src/main/AndroidManifest.xml:3:5-13:19
provider#com.soundcloud.android.crop.provider.SwiftyFileProvider
ADDED from src/main/AndroidManifest.xml:4:9-12:20
	android:grantUriPermissions
		ADDED from src/main/AndroidManifest.xml:8:13-47
	android:authorities
		ADDED from src/main/AndroidManifest.xml:6:13-90
	android:exported
		ADDED from src/main/AndroidManifest.xml:7:13-37
	android:name
		ADDED from src/main/AndroidManifest.xml:5:13-83
meta-data#android.support.FILE_PROVIDER_PATHS
ADDED from src/main/AndroidManifest.xml:9:13-11:57
	android:resource
		ADDED from src/main/AndroidManifest.xml:11:17-55
	android:name
		ADDED from src/main/AndroidManifest.xml:10:17-67
uses-sdk
INJECTED from src/main/AndroidManifest.xml reason: use-sdk injection requested
INJECTED from src/main/AndroidManifest.xml
INJECTED from src/main/AndroidManifest.xml
INJECTED from src/main/AndroidManifest.xml
INJECTED from src/main/AndroidManifest.xml
	android:targetSdkVersion
		INJECTED from src/main/AndroidManifest.xml
		ADDED from src/main/AndroidManifest.xml
		INJECTED from src/main/AndroidManifest.xml
	android:minSdkVersion
		INJECTED from src/main/AndroidManifest.xml
		ADDED from src/main/AndroidManifest.xml
		INJECTED from src/main/AndroidManifest.xml